<?xml version="1.0" encoding="utf-8"?>
<TestRun id="6d38b44f-ee28-4b13-b8da-9c8acc7f17a1" name="@work-laptop-trevor 2026-08-14 08:49:31" xmlns="http://microsoft.com/schemas/VisualStudio/TeamTest/2010">
  <Times creation="2026-08-14T08:49:31.9165345-04:00" queuing="2026-08-14T08:49:31.9165346-04:00" start="2026-08-14T08:49:30.6772829-04:00" finish="2026-08-14T08:49:31.9316435-04:00" />
  <TestSettings name="default" id="5449d449-f30b-42e3-84d9-812af3d6ef17">
    <Deployment runDeploymentRoot="_work-laptop-trevor_2026-08-14_08_49_31" />
  </TestSettings>
  <Results>
    <UnitTestResult executionId="736bee98-8792-4e1b-ac67-12f79e57030f" testId="e935176f-3f20-2c22-afac-ec5828566a06" testName="RealTrx.ParserTests.Counts_rows(n: 2)" computerName="work-laptop-trevor" duration="00:00:00.0004550" startTime="2026-08-14T08:49:31.6248732-04:00" endTime="2026-08-14T08:49:31.6248734-04:00" testType="13cdc9d9-ddb5-4fa4-a97d-d965ccfc6d4b" outcome="Passed" testListId="8c84fa94-04c1-424b-9868-57a2d4851a1d" relativeResultsDirectory="736bee98-8792-4e1b-ac67-12f79e57030f" />
    <UnitTestResult executionId="6106da3e-b989-4c94-9e10-9d913899a7d7" testId="d964db54-36a6-4b0e-50ed-1aec412d1b7c" testName="RealTrx.ParserTests.Parses_a_quoted_field" computerName="work-laptop-trevor" duration="00:00:00.0117527" startTime="2026-08-14T08:49:31.6123728-04:00" endTime="2026-08-14T08:49:31.6124233-04:00" testType="13cdc9d9-ddb5-4fa4-a97d-d965ccfc6d4b" outcome="Passed" testListId="8c84fa94-04c1-424b-9868-57a2d4851a1d" relativeResultsDirectory="6106da3e-b989-4c94-9e10-9d913899a7d7" />
    <UnitTestResult executionId="394b9fd1-2126-4536-8058-86c2cbf67b39" testId="415a4df6-c7d4-1bd3-3ee1-bbe01a2a3508" testName="RealTrx.ParserTests.Rejects_an_unterminated_quote" computerName="work-laptop-trevor" duration="00:00:00.0001059" startTime="2026-08-14T08:49:31.6262987-04:00" endTime="2026-08-14T08:49:31.6262988-04:00" testType="13cdc9d9-ddb5-4fa4-a97d-d965ccfc6d4b" outcome="Passed" testListId="8c84fa94-04c1-424b-9868-57a2d4851a1d" relativeResultsDirectory="394b9fd1-2126-4536-8058-86c2cbf67b39" />
    <UnitTestResult executionId="bf1d4710-0dc1-4161-8e8c-8628e971fe6e" testId="0698a07b-4f5b-e381-ac14-7ec151335b65" testName="RealTrx.ParserTests.Streams_large_files" computerName="work-laptop-trevor" duration="00:00:00.0010000" startTime="2026-08-14T08:49:31.6290015-04:00" endTime="2026-08-14T08:49:31.6290017-04:00" testType="13cdc9d9-ddb5-4fa4-a97d-d965ccfc6d4b" outcome="NotExecuted" testListId="8c84fa94-04c1-424b-9868-57a2d4851a1d" relativeResultsDirectory="bf1d4710-0dc1-4161-8e8c-8628e971fe6e">
      <Output>
        <ErrorInfo>
          <Message>documents intent</Message>
        </ErrorInfo>
      </Output>
    </UnitTestResult>
    <UnitTestResult executionId="9f4fde8c-fe2f-416e-b36c-2a87749e8d76" testId="b676222d-d827-d023-26d0-1c2a44faee39" testName="RealTrx.ParserTests.Counts_rows(n: 1)" computerName="work-laptop-trevor" duration="00:00:00.0004437" startTime="2026-08-14T08:49:31.6262044-04:00" endTime="2026-08-14T08:49:31.6262046-04:00" testType="13cdc9d9-ddb5-4fa4-a97d-d965ccfc6d4b" outcome="Passed" testListId="8c84fa94-04c1-424b-9868-57a2d4851a1d" relativeResultsDirectory="9f4fde8c-fe2f-416e-b36c-2a87749e8d76" />
  </Results>
  <TestDefinitions>
    <UnitTest name="RealTrx.ParserTests.Parses_a_quoted_field" storage="/tmp/claude-1000/-home-tburkholder-dev-dare-to-be-stupid/20844bb2-8aef-46ea-8114-7868a7eb3001/scratchpad/trx-live/bin/debug/net8.0/realtrx.dll" id="d964db54-36a6-4b0e-50ed-1aec412d1b7c">
      <Execution id="6106da3e-b989-4c94-9e10-9d913899a7d7" />
      <TestMethod codeBase="/tmp/claude-1000/-home-tburkholder-dev-dare-to-be-stupid/20844bb2-8aef-46ea-8114-7868a7eb3001/scratchpad/trx-live/bin/Debug/net8.0/RealTrx.dll" adapterTypeName="executor://xunit/VsTestRunner2/netcoreapp" className="RealTrx.ParserTests" name="Parses_a_quoted_field" />
    </UnitTest>
    <UnitTest name="RealTrx.ParserTests.Counts_rows(n: 1)" storage="/tmp/claude-1000/-home-tburkholder-dev-dare-to-be-stupid/20844bb2-8aef-46ea-8114-7868a7eb3001/scratchpad/trx-live/bin/debug/net8.0/realtrx.dll" id="b676222d-d827-d023-26d0-1c2a44faee39">
      <Execution id="9f4fde8c-fe2f-416e-b36c-2a87749e8d76" />
      <TestMethod codeBase="/tmp/claude-1000/-home-tburkholder-dev-dare-to-be-stupid/20844bb2-8aef-46ea-8114-7868a7eb3001/scratchpad/trx-live/bin/Debug/net8.0/RealTrx.dll" adapterTypeName="executor://xunit/VsTestRunner2/netcoreapp" className="RealTrx.ParserTests" name="Counts_rows" />
    </UnitTest>
    <UnitTest name="RealTrx.ParserTests.Counts_rows(n: 2)" storage="/tmp/claude-1000/-home-tburkholder-dev-dare-to-be-stupid/20844bb2-8aef-46ea-8114-7868a7eb3001/scratchpad/trx-live/bin/debug/net8.0/realtrx.dll" id="e935176f-3f20-2c22-afac-ec5828566a06">
      <Execution id="736bee98-8792-4e1b-ac67-12f79e57030f" />
      <TestMethod codeBase="/tmp/claude-1000/-home-tburkholder-dev-dare-to-be-stupid/20844bb2-8aef-46ea-8114-7868a7eb3001/scratchpad/trx-live/bin/Debug/net8.0/RealTrx.dll" adapterTypeName="executor://xunit/VsTestRunner2/netcoreapp" className="RealTrx.ParserTests" name="Counts_rows" />
    </UnitTest>
    <UnitTest name="RealTrx.ParserTests.Rejects_an_unterminated_quote" storage="/tmp/claude-1000/-home-tburkholder-dev-dare-to-be-stupid/20844bb2-8aef-46ea-8114-7868a7eb3001/scratchpad/trx-live/bin/debug/net8.0/realtrx.dll" id="415a4df6-c7d4-1bd3-3ee1-bbe01a2a3508">
      <Execution id="394b9fd1-2126-4536-8058-86c2cbf67b39" />
      <TestMethod codeBase="/tmp/claude-1000/-home-tburkholder-dev-dare-to-be-stupid/20844bb2-8aef-46ea-8114-7868a7eb3001/scratchpad/trx-live/bin/Debug/net8.0/RealTrx.dll" adapterTypeName="executor://xunit/VsTestRunner2/netcoreapp" className="RealTrx.ParserTests" name="Rejects_an_unterminated_quote" />
    </UnitTest>
    <UnitTest name="RealTrx.ParserTests.Streams_large_files" storage="/tmp/claude-1000/-home-tburkholder-dev-dare-to-be-stupid/20844bb2-8aef-46ea-8114-7868a7eb3001/scratchpad/trx-live/bin/debug/net8.0/realtrx.dll" id="0698a07b-4f5b-e381-ac14-7ec151335b65">
      <Execution id="bf1d4710-0dc1-4161-8e8c-8628e971fe6e" />
      <TestMethod codeBase="/tmp/claude-1000/-home-tburkholder-dev-dare-to-be-stupid/20844bb2-8aef-46ea-8114-7868a7eb3001/scratchpad/trx-live/bin/Debug/net8.0/RealTrx.dll" adapterTypeName="executor://xunit/VsTestRunner2/netcoreapp" className="RealTrx.ParserTests" name="Streams_large_files" />
    </UnitTest>
  </TestDefinitions>
  <TestEntries>
    <TestEntry testId="e935176f-3f20-2c22-afac-ec5828566a06" executionId="736bee98-8792-4e1b-ac67-12f79e57030f" testListId="8c84fa94-04c1-424b-9868-57a2d4851a1d" />
    <TestEntry testId="d964db54-36a6-4b0e-50ed-1aec412d1b7c" executionId="6106da3e-b989-4c94-9e10-9d913899a7d7" testListId="8c84fa94-04c1-424b-9868-57a2d4851a1d" />
    <TestEntry testId="415a4df6-c7d4-1bd3-3ee1-bbe01a2a3508" executionId="394b9fd1-2126-4536-8058-86c2cbf67b39" testListId="8c84fa94-04c1-424b-9868-57a2d4851a1d" />
    <TestEntry testId="0698a07b-4f5b-e381-ac14-7ec151335b65" executionId="bf1d4710-0dc1-4161-8e8c-8628e971fe6e" testListId="8c84fa94-04c1-424b-9868-57a2d4851a1d" />
    <TestEntry testId="b676222d-d827-d023-26d0-1c2a44faee39" executionId="9f4fde8c-fe2f-416e-b36c-2a87749e8d76" testListId="8c84fa94-04c1-424b-9868-57a2d4851a1d" />
  </TestEntries>
  <TestLists>
    <TestList name="Results Not in a List" id="8c84fa94-04c1-424b-9868-57a2d4851a1d" />
    <TestList name="All Loaded Results" id="19431567-8539-422a-85d7-44ee4e166bda" />
  </TestLists>
  <ResultSummary outcome="Completed">
    <Counters total="5" executed="4" passed="4" failed="0" error="0" timeout="0" aborted="0" inconclusive="0" passedButRunAborted="0" notRunnable="0" notExecuted="0" disconnected="0" warning="0" completed="0" inProgress="0" pending="0" />
    <Output>
      <StdOut>[xUnit.net 00:00:00.00] xUnit.net VSTest Adapter v2.5.3.1+6b60a9e56a (64-bit .NET 8.0.29)
[xUnit.net 00:00:00.10]   Discovering: RealTrx
[xUnit.net 00:00:00.18]   Discovered:  RealTrx
[xUnit.net 00:00:00.19]   Starting:    RealTrx
[xUnit.net 00:00:00.36]       documents intent
[xUnit.net 00:00:00.36]   Finished:    RealTrx
Test 'RealTrx.ParserTests.Streams_large_files' was skipped in the test run.
</StdOut>
    </Output>
    <RunInfos>
      <RunInfo computerName="work-laptop-trevor" outcome="Warning" timestamp="2026-08-14T08:49:31.6290242-04:00">
        <Text>[xUnit.net 00:00:00.36]     RealTrx.ParserTests.Streams_large_files [SKIP]</Text>
      </RunInfo>
    </RunInfos>
  </ResultSummary>
</TestRun>