{"numTotalTestSuites":4,"numPassedTestSuites":1,"numFailedTestSuites":3,"numPendingTestSuites":0,"numTotalTests":9,"numPassedTests":6,"numFailedTests":1,"numPendingTests":1,"numTodoTests":1,"snapshot":{"added":0,"failure":false,"filesAdded":0,"filesRemoved":0,"filesRemovedList":[],"filesUnmatched":0,"filesUpdated":0,"matched":0,"total":0,"unchecked":0,"uncheckedKeysByFile":[],"unmatched":0,"updated":0,"didUpdate":false},"startTime":1786326548009,"success":false,"testResults":[{"assertionResults":[{"ancestorTitles":[],"fullName":"adds at the top level","status":"passed","title":"adds at the top level","duration":3.372368999999992,"failureMessages":[],"meta":{},"tags":[]},{"ancestorTitles":["arithmetic"],"fullName":"arithmetic adds two numbers","status":"passed","title":"adds two numbers","duration":0.41099300000001904,"failureMessages":[],"meta":{},"tags":[]},{"ancestorTitles":["arithmetic","edge cases"],"fullName":"arithmetic edge cases handles zero","status":"passed","title":"handles zero","duration":0.33243699999999876,"failureMessages":[],"meta":{},"tags":[]},{"ancestorTitles":["arithmetic","edge cases"],"fullName":"arithmetic edge cases is deliberately broken","status":"failed","title":"is deliberately broken","duration":9.343241000000006,"failureMessages":["AssertionError: expected 4 to be 5 // Object.is equality\n    at /tmp/claude-1000/-home-tburkholder-dev-dare-to-be-stupid/e7e5a8f4-07ea-496c-8d27-1b871f0ce206/scratchpad/fixture-gen/vitest-app/test/math.test.js:20:25\n    at file:///tmp/claude-1000/-home-tburkholder-dev-dare-to-be-stupid/e7e5a8f4-07ea-496c-8d27-1b871f0ce206/scratchpad/fixture-gen/vitest-app/node_modules/@vitest/runner/dist/chunk-artifact.js:302:11\n    at file:///tmp/claude-1000/-home-tburkholder-dev-dare-to-be-stupid/e7e5a8f4-07ea-496c-8d27-1b871f0ce206/scratchpad/fixture-gen/vitest-app/node_modules/@vitest/runner/dist/chunk-artifact.js:1903:26\n    at file:///tmp/claude-1000/-home-tburkholder-dev-dare-to-be-stupid/e7e5a8f4-07ea-496c-8d27-1b871f0ce206/scratchpad/fixture-gen/vitest-app/node_modules/@vitest/runner/dist/chunk-artifact.js:2326:20\n    at new Promise (<anonymous>)\n    at runWithCancel (file:///tmp/claude-1000/-home-tburkholder-dev-dare-to-be-stupid/e7e5a8f4-07ea-496c-8d27-1b871f0ce206/scratchpad/fixture-gen/vitest-app/node_modules/@vitest/runner/dist/chunk-artifact.js:2323:10)\n    at file:///tmp/claude-1000/-home-tburkholder-dev-dare-to-be-stupid/e7e5a8f4-07ea-496c-8d27-1b871f0ce206/scratchpad/fixture-gen/vitest-app/node_modules/@vitest/runner/dist/chunk-artifact.js:2305:20\n    at new Promise (<anonymous>)\n    at runWithTimeout (file:///tmp/claude-1000/-home-tburkholder-dev-dare-to-be-stupid/e7e5a8f4-07ea-496c-8d27-1b871f0ce206/scratchpad/fixture-gen/vitest-app/node_modules/@vitest/runner/dist/chunk-artifact.js:2272:10)\n    at file:///tmp/claude-1000/-home-tburkholder-dev-dare-to-be-stupid/e7e5a8f4-07ea-496c-8d27-1b871f0ce206/scratchpad/fixture-gen/vitest-app/node_modules/@vitest/runner/dist/chunk-artifact.js:2955:64"],"meta":{},"tags":[]},{"ancestorTitles":["arithmetic","edge cases"],"fullName":"arithmetic edge cases is skipped on purpose","status":"skipped","title":"is skipped on purpose","failureMessages":[],"meta":{},"tags":[]},{"ancestorTitles":["arithmetic"],"fullName":"arithmetic adds 1 + 1","status":"passed","title":"adds 1 + 1","duration":0.2987380000000144,"failureMessages":[],"meta":{},"tags":[]},{"ancestorTitles":["arithmetic"],"fullName":"arithmetic adds 2 + 3","status":"passed","title":"adds 2 + 3","duration":0.13410000000001787,"failureMessages":[],"meta":{},"tags":[]},{"ancestorTitles":[],"fullName":"is not written yet","status":"todo","title":"is not written yet","failureMessages":[],"meta":{},"tags":[]}],"startTime":1786326548219,"endTime":1786326548233.2988,"status":"failed","message":"","name":"/tmp/claude-1000/-home-tburkholder-dev-dare-to-be-stupid/e7e5a8f4-07ea-496c-8d27-1b871f0ce206/scratchpad/fixture-gen/vitest-app/test/math.test.js"},{"assertionResults":[{"ancestorTitles":[],"fullName":"a second file contributes ids too","status":"passed","title":"a second file contributes ids too","duration":5.339650000000006,"failureMessages":[],"meta":{},"tags":[]}],"startTime":1786326548217,"endTime":1786326548222.3396,"status":"passed","message":"","name":"/tmp/claude-1000/-home-tburkholder-dev-dare-to-be-stupid/e7e5a8f4-07ea-496c-8d27-1b871f0ce206/scratchpad/fixture-gen/vitest-app/test/strings.test.js"}]}