{"numTotalTestSuites":2,"numPassedTestSuites":0,"numFailedTestSuites":2,"numPendingTestSuites":0,"numTotalTests":4,"numPassedTests":2,"numFailedTests":2,"numPendingTests":0,"numTodoTests":0,"snapshot":{"added":0,"failure":false,"filesAdded":0,"filesRemoved":0,"filesRemovedList":[],"filesUnmatched":0,"filesUpdated":0,"matched":0,"total":0,"unchecked":0,"uncheckedKeysByFile":[],"unmatched":0,"updated":0,"didUpdate":false},"startTime":1787197158014,"success":false,"testResults":[{"assertionResults":[{"ancestorTitles":["manuscript structure"],"fullName":"manuscript structure chapter 1 exists and clears its word floor","status":"passed","title":"chapter 1 exists and clears its word floor","duration":1.7194240000000036,"failureMessages":[],"meta":{},"tags":[]},{"ancestorTitles":["manuscript structure"],"fullName":"manuscript structure chapter 2 exists and clears its word floor","status":"failed","title":"chapter 2 exists and clears its word floor","duration":3.6732170000000224,"failureMessages":["AssertionError: expected 6 to be greater than or equal to 30\n    at /tmp/claude-1000/-home-tburkholder-dev-meeseeks/1bb11771-5dd8-4b67-b153-70ee1b49dc50/scratchpad/artifact/checks/structure.check.js:13:43\n    at file:///tmp/claude-1000/-home-tburkholder-dev-meeseeks/1bb11771-5dd8-4b67-b153-70ee1b49dc50/scratchpad/artifact/node_modules/@vitest/runner/dist/chunk-artifact.js:302:11\n    at file:///tmp/claude-1000/-home-tburkholder-dev-meeseeks/1bb11771-5dd8-4b67-b153-70ee1b49dc50/scratchpad/artifact/node_modules/@vitest/runner/dist/chunk-artifact.js:1903:26\n    at file:///tmp/claude-1000/-home-tburkholder-dev-meeseeks/1bb11771-5dd8-4b67-b153-70ee1b49dc50/scratchpad/artifact/node_modules/@vitest/runner/dist/chunk-artifact.js:2326:20\n    at new Promise (<anonymous>)\n    at runWithCancel (file:///tmp/claude-1000/-home-tburkholder-dev-meeseeks/1bb11771-5dd8-4b67-b153-70ee1b49dc50/scratchpad/artifact/node_modules/@vitest/runner/dist/chunk-artifact.js:2323:10)\n    at file:///tmp/claude-1000/-home-tburkholder-dev-meeseeks/1bb11771-5dd8-4b67-b153-70ee1b49dc50/scratchpad/artifact/node_modules/@vitest/runner/dist/chunk-artifact.js:2305:20\n    at new Promise (<anonymous>)\n    at runWithTimeout (file:///tmp/claude-1000/-home-tburkholder-dev-meeseeks/1bb11771-5dd8-4b67-b153-70ee1b49dc50/scratchpad/artifact/node_modules/@vitest/runner/dist/chunk-artifact.js:2272:10)\n    at file:///tmp/claude-1000/-home-tburkholder-dev-meeseeks/1bb11771-5dd8-4b67-b153-70ee1b49dc50/scratchpad/artifact/node_modules/@vitest/runner/dist/chunk-artifact.js:2956:64"],"meta":{},"tags":[]},{"ancestorTitles":["manuscript structure"],"fullName":"manuscript structure every chapter opens with a level-one heading","status":"passed","title":"every chapter opens with a level-one heading","duration":0.5194789999999898,"failureMessages":[],"meta":{},"tags":[]},{"ancestorTitles":["manuscript structure"],"fullName":"manuscript structure no chapter still carries a placeholder","status":"failed","title":"no chapter still carries a placeholder","duration":2.5451010000000167,"failureMessages":["AssertionError: expected '# Findings\\n\\nTODO: write this up.\\n' not to match /TODO|TKTK|lorem ipsum/i\n    at /tmp/claude-1000/-home-tburkholder-dev-meeseeks/1bb11771-5dd8-4b67-b153-70ee1b49dc50/scratchpad/artifact/checks/structure.check.js:24:30\n    at file:///tmp/claude-1000/-home-tburkholder-dev-meeseeks/1bb11771-5dd8-4b67-b153-70ee1b49dc50/scratchpad/artifact/node_modules/@vitest/runner/dist/chunk-artifact.js:302:11\n    at file:///tmp/claude-1000/-home-tburkholder-dev-meeseeks/1bb11771-5dd8-4b67-b153-70ee1b49dc50/scratchpad/artifact/node_modules/@vitest/runner/dist/chunk-artifact.js:1903:26\n    at file:///tmp/claude-1000/-home-tburkholder-dev-meeseeks/1bb11771-5dd8-4b67-b153-70ee1b49dc50/scratchpad/artifact/node_modules/@vitest/runner/dist/chunk-artifact.js:2326:20\n    at new Promise (<anonymous>)\n    at runWithCancel (file:///tmp/claude-1000/-home-tburkholder-dev-meeseeks/1bb11771-5dd8-4b67-b153-70ee1b49dc50/scratchpad/artifact/node_modules/@vitest/runner/dist/chunk-artifact.js:2323:10)\n    at file:///tmp/claude-1000/-home-tburkholder-dev-meeseeks/1bb11771-5dd8-4b67-b153-70ee1b49dc50/scratchpad/artifact/node_modules/@vitest/runner/dist/chunk-artifact.js:2305:20\n    at new Promise (<anonymous>)\n    at runWithTimeout (file:///tmp/claude-1000/-home-tburkholder-dev-meeseeks/1bb11771-5dd8-4b67-b153-70ee1b49dc50/scratchpad/artifact/node_modules/@vitest/runner/dist/chunk-artifact.js:2272:10)\n    at file:///tmp/claude-1000/-home-tburkholder-dev-meeseeks/1bb11771-5dd8-4b67-b153-70ee1b49dc50/scratchpad/artifact/node_modules/@vitest/runner/dist/chunk-artifact.js:2956:64"],"meta":{},"tags":[]}],"startTime":1787197158220,"endTime":1787197158228.5452,"status":"failed","message":"","name":"/tmp/claude-1000/-home-tburkholder-dev-meeseeks/1bb11771-5dd8-4b67-b153-70ee1b49dc50/scratchpad/artifact/checks/structure.check.js"}]}