{"numTotalTestSuites":2,"numPassedTestSuites":2,"numFailedTestSuites":0,"numPendingTestSuites":0,"numTotalTests":4,"numPassedTests":4,"numFailedTests":0,"numPendingTests":0,"numTodoTests":0,"snapshot":{"added":0,"failure":false,"filesAdded":0,"filesRemoved":0,"filesRemovedList":[],"filesUnmatched":0,"filesUpdated":0,"matched":0,"total":0,"unchecked":0,"uncheckedKeysByFile":[],"unmatched":0,"updated":0,"didUpdate":false},"startTime":1787197146177,"success":true,"testResults":[{"assertionResults":[{"ancestorTitles":["manuscript structure"],"fullName":"manuscript structure chapter 1 exists and clears its word floor","status":"passed","title":"chapter 1 exists and clears its word floor","duration":2.438841999999994,"failureMessages":[],"meta":{},"tags":[]},{"ancestorTitles":["manuscript structure"],"fullName":"manuscript structure chapter 2 exists and clears its word floor","status":"passed","title":"chapter 2 exists and clears its word floor","duration":0.47360199999999963,"failureMessages":[],"meta":{},"tags":[]},{"ancestorTitles":["manuscript structure"],"fullName":"manuscript structure every chapter opens with a level-one heading","status":"passed","title":"every chapter opens with a level-one heading","duration":0.6790839999999889,"failureMessages":[],"meta":{},"tags":[]},{"ancestorTitles":["manuscript structure"],"fullName":"manuscript structure no chapter still carries a placeholder","status":"passed","title":"no chapter still carries a placeholder","duration":0.7584400000000073,"failureMessages":[],"meta":{},"tags":[]}],"startTime":1787197146347,"endTime":1787197146351.7585,"status":"passed","message":"","name":"/tmp/claude-1000/-home-tburkholder-dev-meeseeks/1bb11771-5dd8-4b67-b153-70ee1b49dc50/scratchpad/artifact/checks/structure.check.js"}]}